[wardrive] Session: 20260428T194800Z_wardrive
[wardrive] Dir:     /home/parkat/warDrive/capture/raw/20260428T194800Z_wardrive

[preflight] ━━━━━━━━━━━━━━━━━━━━━━━━━━━━━━━━━━━━━━━━
[preflight] Pre-flight device checks
[preflight] ━━━━━━━━━━━━━━━━━━━━━━━━━━━━━━━━━━━━━━━━
[preflight] Checking GPS device (/dev/ttyACM0)…
[preflight]   GPS: clear
[preflight] Checking RTL-SDR…
[preflight]   RTL-SDR not detected via lsusb — SDR collector will be skipped
[preflight] Checking WiFi (wlan1)…
[preflight]   Running airmon-ng check kill…
[preflight]   WiFi: clear
[preflight] Checking ESP32 serial port…
[preflight]   Found ESP32 port: /dev/ttyUSB0
[preflight]   ESP32: clear on /dev/ttyUSB0
[preflight] ━━━━━━━━━━━━━━━━━━━━━━━━━━━━━━━━━━━━━━━━

[wardrive] Sleep/lid-close inhibited (pid 1807669)
[wardrive] Laptop stays awake with lid closed until session ends
[wardrive] Starting collectors with auto-restart supervisors…
[gps] Waiting for fix (up to 30s, need 4+ sats)… ...
[gps] WARNING: No fix after 30s — starting without GPS coordinates
[gps]   lat/lon will be NULL in this session. Make sure puck has sky view.
[gps] Starting NMEA logger (under supervisor)
[gps] supervisor: launching collector…
[gps] supervisor PID 1808252
[gps] Raw NMEA → /home/parkat/warDrive/capture/raw/20260428T194800Z_wardrive/gps/nmea.log
[wifi] Bringing up monitor interface via airmon-ng…
[wifi] Monitor interface ready: wlan1mon
[wifi] Starting Kismet on wlan1mon (under supervisor)
[wifi] supervisor: launching collector…
INFO: Including sub-config file: /etc/kismet/kismet_httpd.conf
INFO: Including sub-config file: /etc/kismet/kismet_memory.conf
INFO: Including sub-config file: /etc/kismet/kismet_alerts.conf
INFO: Including sub-config file: /etc/kismet/kismet_80211.conf
INFO: Including sub-config file: /etc/kismet/kismet_logging.conf
INFO: Including sub-config file: /etc/kismet/kismet_filter.conf
INFO: Including sub-config file: /etc/kismet/kismet_uav.conf
INFO: Loading config override file '/etc/kismet/kismet_package.conf'
INFO: Optional sub-config file not present: /etc/kismet/kismet_package.conf
INFO: Loading config override file '/etc/kismet/kismet_site.conf'
INFO: Optional sub-config file not present: /etc/kismet/kismet_site.conf
INFO: Setting server UUID BC471298-403C-11F1-BD11-4B49534D4554
INFO: Starting Beast webserver on 0.0.0.0:2501
INFO: Opened OUI file '/usr/share/kismet/kismet_manuf.txt.gz
INFO: Indexing manufacturer db
INFO: Completed indexing manufacturer db, 37974 lines and 760 indexes.
INFO: Saving devices to the Kismet database log every 30 seconds
INFO: Using default rates of 10/min, 1/sec for alert 'DEVICEFOUND'
INFO: Using default rates of 10/min, 1/sec for alert 'DEVICELOST'
INFO: Registering support for DLT_PPI packet header decoding
INFO: Registering support for DLT_RADIOTAP packet header decoding
INFO: Registering support for DLT_BTLE_RADIO packet header decoding
INFO: Using default rates of 10/min, 1/sec for alert 'BADFIXLENIE'
INFO: PHY80211 will only process AP signal levels from beacons
INFO: Allowing Kismet clients to view WEP keys
DEBUG: ssid canary FooCanary:ssid="FoobarCanary"
DEBUG: ssid canary FooCanart2:ssid="(?i:foobarcanary)"
INFO: Keeping EAPOL packets in memory for easy download and WIDS functionality; this can use more RAM.
INFO: Registered PHY handler 'IEEE802.11' as ID 0
INFO: Registered PHY handler 'RFSENSOR' as ID 1
INFO: Registered PHY handler 'Z-Wave' as ID 2
INFO: Registered PHY handler 'Bluetooth' as ID 3
DEBUG: reserve_fields home id 542 app id 543
INFO: Registered PHY handler 'UAV' as ID 4
INFO: Registered PHY handler 'NrfMousejack' as ID 5
ERROR: Tried to re-register duplicate alert FLIPPERZERO
INFO: Registered PHY handler 'BTLE' as ID 6
INFO: Registered PHY handler 'METER' as ID 7
INFO: Indexing ADSB ICAO db
[wifi] supervisor PID 1808421
[sdr] WARNING: RTL-SDR not detected — skipping
[esp32] Starting BLE reader on /dev/ttyUSB0 (under supervisor)
[esp32] GPS injection enabled
[esp32] supervisor: launching collector…
[esp32] supervisor PID 1808434
[wardrive] All collectors running. Ctrl-C to stop.
[wardrive] Heartbeat will log every 60 s.
[wardrive] Each collector will auto-restart up to 10 times if it crashes.
[gps_thread] Started — polling gpsd for position
[esp32_reader] Waiting up to 5s for initial GPS fix…
INFO: Completed indexing ADSB ICAO db, 341068 lines 6822 indexes
INFO: Registered PHY handler 'ADSB' as ID 8
INFO: Registered PHY handler '802.15.4' as ID 9
INFO: Registered PHY handler 'RADIATION' as ID 10
INFO: (HTTPD) Could not read session data file, skipping loading saved sessions.
INFO: Serving static file content from /usr/share/kismet/httpd/
INFO: Enabling channel hopping by default on sources which support channel control.
INFO: Setting default channel hop rate to 5/sec
INFO: Enabling channel list splitting on sources which share the same list of channels
INFO: Enabling channel list shuffling to optimize overlaps
INFO: Sources will be re-opened if they encounter an error
INFO: Saving datasources to the Kismet database log every 30 seconds
INFO: Launching remote capture server on 127.0.0.1 3501
INFO: Data sources passed on the command line (via -c source), ignoring source= definitions in the Kismet config file.
INFO: Opened kismetdb log file '/home/parkat/warDrive/capture/raw/20260428T194800Z_wardrive/wifi//Kismet-20260428-19-48-37-1.kismet'
INFO: Saving packets to the Kismet database log.
INFO: Opened pcapng log file '/home/parkat/warDrive/capture/raw/20260428T194800Z_wardrive/wifi//Kismet-20260428-19-48-37-1.pcapng'
INFO: GPS track will be logged to the Kismet logfile
ALERT: ROOTUSER Kismet is running as root; this is less secure.  If you are running Kismet at boot via systemd, make sure to use `systemctl edit kismet.service` to change the user.  For more information, see the Kismet README for setting up Kismet with minimal privileges.
INFO: Starting Kismet web server...
INFO: HTTP server listening on 0.0.0.0:2501
INFO: Could not open system plugin directory (/usr/lib/x86_64-linux-gnu/kismet/), skipping: No such file or directory
INFO: Did not find a user plugin directory (/root/.kismet//plugins/), skipping: No such file or directory
INFO: alfa interface 'wlan1mon' is already in monitor mode
INFO: alfa finished configuring wlan1mon/wlan1mon, ready to capture
INFO: Data source 'wlan1mon:type=linuxwifi,name=alfa' launched successfully
INFO: Detected new 802.11 Wi-Fi device A0:F3:C1:86:F3:15
INFO: Detected new 802.11 Wi-Fi access point 3C:84:6A:42:06:D2
INFO: 802.11 Wi-Fi device 3C:84:6A:42:06:D2 advertising a cloaked SSID
INFO: Detected new 802.11 Wi-Fi access point 18:E8:29:94:2B:56
INFO: 802.11 Wi-Fi device 18:E8:29:94:2B:56 advertising a cloaked SSID
INFO: Detected new 802.11 Wi-Fi access point 1C:3B:F3:84:EC:A5
INFO: 802.11 Wi-Fi device 1C:3B:F3:84:EC:A5 advertising a cloaked SSID
INFO: Detected new 802.11 Wi-Fi access point 1E:E8:29:94:2B:56
INFO: 802.11 Wi-Fi device 1E:E8:29:94:2B:56 advertising SSID 'PureTurbos Unifi'
[esp32_reader] No GPS fix yet — coordinates will be added as fix arrives
[esp32_reader] Opening /dev/ttyUSB0 @ 115200 baud
[esp32_reader] Writing to /home/parkat/warDrive/capture/raw/20260428T194800Z_wardrive/bt/esp32_ble.ndjson
[esp32_reader] Non-JSON line (#1): 466C69702035"}
[esp32_reader] Non-JSON line (#2): 466C69702035"}
[esp32_reader] Non-JSON line (#3): 466C69702035"}
[esp32_reader] Non-JSON line (#4): 466C69702035"}
[esp32_reader] Non-JSON line (#5): 466C69702035"}
[esp32_reader] Non-JSON line (#6): 466C69702035"}
[esp32_reader] Non-JSON line (#7): 466C69702035"}
[esp32_reader] Non-JSON line (#8): 466C69702035"}
[esp32_reader] Non-JSON line (#9): 466C69702035"}
[esp32_reader] Non-JSON line (#10): 466C69702035"}
INFO: Detected new 802.11 Wi-Fi access point F4:92:BF:54:13:57
INFO: 802.11 Wi-Fi device F4:92:BF:54:13:57 advertising a cloaked SSID
INFO: Detected new 802.11 Wi-Fi access point FA:92:BF:54:13:57
INFO: 802.11 Wi-Fi device FA:92:BF:54:13:57 advertising SSID 'PureTurbos Unifi'
INFO: 802.11 Wi-Fi device FA:92:BF:54:13:57 advertising SSID 'PureTurbos Unifi'
INFO: Detected new 802.11 Wi-Fi device 22:E8:29:95:2B:56
INFO: Detected new 802.11 Wi-Fi device F4:26:79:7D:21:FC
INFO: Detected new 802.11 Wi-Fi access point FE:92:BF:55:13:57
INFO: 802.11 Wi-Fi device FE:92:BF:55:13:57 advertising SSID 'PureTurbos Unifi'
INFO: Detected new 802.11 Wi-Fi access point 3C:84:6A:42:10:6D
INFO: 802.11 Wi-Fi device 3C:84:6A:42:10:6D advertising a cloaked SSID
INFO: Detected new 802.11 Wi-Fi access point 1E:E8:29:95:2B:56
INFO: 802.11 Wi-Fi device 1E:E8:29:95:2B:56 advertising a cloaked SSID
INFO: Detected new 802.11 Wi-Fi device A8:9C:6C:8A:C6:7D
INFO: Detected new 802.11 Wi-Fi access point 18:E8:29:95:2B:56
INFO: 802.11 Wi-Fi device 18:E8:29:95:2B:56 advertising a cloaked SSID
INFO: 802.11 Wi-Fi device 22:E8:29:95:2B:56 advertising SSID 'PureTurbos Unifi'
INFO: Detected new 802.11 Wi-Fi access point FA:92:BF:55:13:57
INFO: 802.11 Wi-Fi device FA:92:BF:55:13:57 advertising a cloaked SSID
INFO: Detected new 802.11 Wi-Fi access point F4:92:BF:55:13:57
INFO: 802.11 Wi-Fi device F4:92:BF:55:13:57 advertising a cloaked SSID
INFO: Detected new 802.11 Wi-Fi device 3A:A9:EF:D3:E3:A3
INFO: Detected new 802.11 Wi-Fi access point 3C:84:6A:42:06:D1
INFO: 802.11 Wi-Fi device 3C:84:6A:42:06:D1 advertising a cloaked SSID
INFO: Detected new 802.11 Wi-Fi access point 3C:84:6A:42:10:6E
INFO: 802.11 Wi-Fi device 3C:84:6A:42:10:6E advertising a cloaked SSID
INFO: Detected new 802.11 Wi-Fi access point 3E:2D:9E:F6:AA:69
INFO: 802.11 Wi-Fi device 3E:2D:9E:F6:AA:69 advertising SSID 'DION'
INFO: Detected new 802.11 Wi-Fi access point 3C:2D:9E:F6:AA:68
INFO: 802.11 Wi-Fi device 3C:2D:9E:F6:AA:68 advertising SSID 'DAS011612'
INFO: Detected new 802.11 Wi-Fi access point 2C:95:69:33:87:27
INFO: 802.11 Wi-Fi device 2C:95:69:33:87:27 advertising SSID '338727'
INFO: Detected new 802.11 Wi-Fi device BC:FC:E7:D9:3B:88
[wardrive] Sleep inhibitor released — normal lid/sleep behavior restored
[wardrive] Shutting down collectors…
[esp32_reader] Shutdown. 262 records written, 0 with GPS coords, 1447 parse errors, 0 reconnects.

*** KISMET IS SHUTTING DOWN ***
Shutting down plugins...
WARNING: Kismet changes the configuration of network devices.
         In most cases you will need to restart networking for
         your interface (varies per distribution and OS), but 
         typically one of:
         sudo service networking restart
         sudo /etc/init.d/networking restart
         or
         nmcli device set [device] managed true

Kismet exiting.
EXITING: Signal service thread complete.
[wardrive] Restoring wlan1mon to managed mode…
[wardrive] Session closed: 20260428T194800Z_wardrive
