[wardrive] Session: 20260428T171810Z_wardrive
[wardrive] Dir:     /home/parkat/warDrive/capture/raw/20260428T171810Z_wardrive
[wardrive] Sleep/lid-close inhibited (pid 1688262)
[wardrive] Laptop stays awake with lid closed until session ends
[wardrive] Starting collectors with auto-restart supervisors…
[gps] Waiting for fix (up to 30s, need 4+ sats)… ......
[gps] WARNING: No fix after 30s — starting without GPS coordinates
[gps]   Make sure the puck has sky view. lat/lon will be NULL in this session.
[gps] Starting NMEA logger (under supervisor)
[gps] supervisor: launching collector…
[gps] supervisor PID 1689366
[gps] Raw NMEA → /home/parkat/warDrive/capture/raw/20260428T171810Z_wardrive/gps/nmea.log
[wifi] Starting Kismet on wlan1 (under supervisor)
[wifi] supervisor: launching collector…
INFO: Including sub-config file: /etc/kismet/kismet_httpd.conf
INFO: Including sub-config file: /etc/kismet/kismet_memory.conf
INFO: Including sub-config file: /etc/kismet/kismet_alerts.conf
INFO: Including sub-config file: /etc/kismet/kismet_80211.conf
INFO: Including sub-config file: /etc/kismet/kismet_logging.conf
INFO: Including sub-config file: /etc/kismet/kismet_filter.conf
INFO: Including sub-config file: /etc/kismet/kismet_uav.conf
INFO: Loading config override file '/etc/kismet/kismet_package.conf'
INFO: Optional sub-config file not present: /etc/kismet/kismet_package.conf
INFO: Loading config override file '/etc/kismet/kismet_site.conf'
INFO: Optional sub-config file not present: /etc/kismet/kismet_site.conf
INFO: Setting server UUID BC471298-403C-11F1-BD11-4B49534D4554
INFO: Starting Beast webserver on 0.0.0.0:2501
INFO: Opened OUI file '/usr/share/kismet/kismet_manuf.txt.gz
INFO: Indexing manufacturer db
INFO: Completed indexing manufacturer db, 37974 lines and 760 indexes.
INFO: Saving devices to the Kismet database log every 30 seconds
INFO: Using default rates of 10/min, 1/sec for alert 'DEVICEFOUND'
INFO: Using default rates of 10/min, 1/sec for alert 'DEVICELOST'
INFO: Registering support for DLT_PPI packet header decoding
INFO: Registering support for DLT_RADIOTAP packet header decoding
INFO: Registering support for DLT_BTLE_RADIO packet header decoding
INFO: Using default rates of 10/min, 1/sec for alert 'BADFIXLENIE'
INFO: PHY80211 will only process AP signal levels from beacons
INFO: Allowing Kismet clients to view WEP keys
DEBUG: ssid canary FooCanary:ssid="FoobarCanary"
DEBUG: ssid canary FooCanart2:ssid="(?i:foobarcanary)"
INFO: Keeping EAPOL packets in memory for easy download and WIDS functionality; this can use more RAM.
INFO: Registered PHY handler 'IEEE802.11' as ID 0
INFO: Registered PHY handler 'RFSENSOR' as ID 1
INFO: Registered PHY handler 'Z-Wave' as ID 2
INFO: Registered PHY handler 'Bluetooth' as ID 3
DEBUG: reserve_fields home id 542 app id 543
INFO: Registered PHY handler 'UAV' as ID 4
INFO: Registered PHY handler 'NrfMousejack' as ID 5
ERROR: Tried to re-register duplicate alert FLIPPERZERO
INFO: Registered PHY handler 'BTLE' as ID 6
INFO: Registered PHY handler 'METER' as ID 7
INFO: Indexing ADSB ICAO db
[wifi] supervisor PID 1689370
[sdr] WARNING: RTL-SDR not detected via lsusb — SDR collector skipped
[esp32] Starting BLE reader on /dev/ttyUSB0 (under supervisor)
[esp32] GPS injection enabled — BLE records will include lat/lon
[esp32] supervisor: launching collector…
[esp32] supervisor PID 1689383
[wardrive] All collectors running. Ctrl-C to stop.
[wardrive] Heartbeat will log every 60 s.
[wardrive] Each collector will auto-restart up to 10 times if it crashes.
INFO: Completed indexing ADSB ICAO db, 341068 lines 6822 indexes
INFO: Registered PHY handler 'ADSB' as ID 8
INFO: Registered PHY handler '802.15.4' as ID 9
INFO: Registered PHY handler 'RADIATION' as ID 10
INFO: (HTTPD) Could not read session data file, skipping loading saved sessions.
INFO: Serving static file content from /usr/share/kismet/httpd/
INFO: Enabling channel hopping by default on sources which support channel control.
INFO: Setting default channel hop rate to 5/sec
INFO: Enabling channel list splitting on sources which share the same list of channels
INFO: Enabling channel list shuffling to optimize overlaps
INFO: Sources will be re-opened if they encounter an error
INFO: Saving datasources to the Kismet database log every 30 seconds
INFO: Launching remote capture server on 127.0.0.1 3501
INFO: Data sources passed on the command line (via -c source), ignoring source= definitions in the Kismet config file.
INFO: Probing interface 'wlan1' to find datasource type
INFO: Opened kismetdb log file '/home/parkat/warDrive/capture/raw/20260428T171810Z_wardrive/wifi//Kismet-20260428-17-18-43-1.kismet'
INFO: Saving packets to the Kismet database log.
INFO: Opened pcapng log file '/home/parkat/warDrive/capture/raw/20260428T171810Z_wardrive/wifi//Kismet-20260428-17-18-43-1.pcapng'
INFO: GPS track will be logged to the Kismet logfile
ALERT: ROOTUSER Kismet is running as root; this is less secure.  If you are running Kismet at boot via systemd, make sure to use `systemctl edit kismet.service` to change the user.  For more information, see the Kismet README for setting up Kismet with minimal privileges.
INFO: Starting Kismet web server...
INFO: HTTP server listening on 0.0.0.0:2501
INFO: Could not open system plugin directory (/usr/lib/x86_64-linux-gnu/kismet/), skipping: No such file or directory
INFO: Did not find a user plugin directory (/root/.kismet//plugins/), skipping: No such file or directory
INFO: Found type 'linuxwifi' for 'wlan1'
FATAL:  Datasource helper (linuxwifi) failed, could not process incoming control packet.
INFO: wlan1 telling NetworkManager not to control interface 'wlan1': you may need to re-initialize this interface later or tell NetworkManager to control it again via 'nmcli'
INFO: wlan1 bringing down parent interface 'wlan1'
ERROR: Data source 'wlan1 / wlan1' ('wlan1') encountered an error: wlan1 could not bring up capture interface 'wlan1mon', check 'dmesg' for possible errors while loading firmware: failed to set flags on interface 'wlan1mon': Connection timed out
DEBUG: Attempt to send 17 on closed external interface
ALERT: SOURCEERROR Source wlan1 (00000000-0000-0000-0000-000000000000) has encountered an error (wlan1 could not bring up capture interface 'wlan1mon', check 'dmesg' for possible errors while loading firmware: failed to set flags on interface 'wlan1mon': Connection timed out) Kismet will attempt to re-open the source in 5 seconds.  (1 failures)
ERROR: Source wlan1 (00000000-0000-0000-0000-000000000000) has encountered an error (wlan1 could not bring up capture interface 'wlan1mon', check 'dmesg' for possible errors while loading firmware: failed to set flags on interface 'wlan1mon': Connection timed out) Kismet will attempt to re-open the source in 5 seconds.  (1 failures)
ERROR: Kismet datasource failed sending v3 CONFIGREQ
ERROR: Data source 'wlan1' failed to launch: wlan1 could not bring up capture interface 'wlan1mon', check 'dmesg' for possible errors while loading firmware: failed to set flags on interface 'wlan1mon': Connection timed out
INFO: Attempting to re-open source wlan1
[gps_thread] Started — polling gpsd for position
[esp32_reader] Waiting up to 5s for initial GPS fix…
FATAL:  Datasource helper (linuxwifi) failed, could not process incoming control packet.
INFO: wlan1 found existing monitor interface 'wlan1mon' for source interface 'wlan1'
INFO: wlan1 monitor interface 'wlan1mon' already exists for capture interface 'wlan1', we'll use that.
INFO: wlan1 bringing down parent interface 'wlan1'
ERROR: Data source 'wlan1 / wlan1' ('wlan1') encountered an error: wlan1 could not bring up capture interface 'wlan1mon', check 'dmesg' for possible errors while loading firmware: failed to set flags on interface 'wlan1mon': Connection timed out
ALERT: SOURCEERROR Source wlan1 (00000000-0000-0000-0000-000000000000) has encountered an error (wlan1 could not bring up capture interface 'wlan1mon', check 'dmesg' for possible errors while loading firmware: failed to set flags on interface 'wlan1mon': Connection timed out) Kismet will attempt to re-open the source in 5 seconds.  (2 failures)
ERROR: Source wlan1 (00000000-0000-0000-0000-000000000000) has encountered an error (wlan1 could not bring up capture interface 'wlan1mon', check 'dmesg' for possible errors while loading firmware: failed to set flags on interface 'wlan1mon': Connection timed out) Kismet will attempt to re-open the source in 5 seconds.  (2 failures)
[esp32_reader] No GPS fix yet — coordinates will be added as fix arrives
[esp32_reader] Opening /dev/ttyUSB0 @ 115200 baud
[esp32_reader] Writing to /home/parkat/warDrive/capture/raw/20260428T171810Z_wardrive/bt/esp32_ble.ndjson
INFO: Attempting to re-open source wlan1
INFO: Attempting to re-open source wlan1
FATAL:  Datasource helper (linuxwifi) failed, could not process incoming control packet.
INFO: wlan1 found existing monitor interface 'wlan1mon' for source interface 'wlan1'
INFO: wlan1 monitor interface 'wlan1mon' already exists for capture interface 'wlan1', we'll use that.
INFO: wlan1 bringing down parent interface 'wlan1'
ERROR: Data source 'wlan1 / wlan1' ('wlan1') encountered an error: wlan1 could not bring up capture interface 'wlan1mon', check 'dmesg' for possible errors while loading firmware: failed to set flags on interface 'wlan1mon': Connection timed out
ALERT: SOURCEERROR Source wlan1 (00000000-0000-0000-0000-000000000000) has encountered an error (wlan1 could not bring up capture interface 'wlan1mon', check 'dmesg' for possible errors while loading firmware: failed to set flags on interface 'wlan1mon': Connection timed out) Kismet will attempt to re-open the source in 5 seconds.  (3 failures)
ERROR: Source wlan1 (00000000-0000-0000-0000-000000000000) has encountered an error (wlan1 could not bring up capture interface 'wlan1mon', check 'dmesg' for possible errors while loading firmware: failed to set flags on interface 'wlan1mon': Connection timed out) Kismet will attempt to re-open the source in 5 seconds.  (3 failures)
sleep terminated by signal INT.
[wardrive] Sleep inhibitor released — normal lid/sleep behavior restored
[wardrive] Shutting down collectors…
[esp32_reader] Shutdown. 118 records written, 0 with GPS coords, 0 parse errors, 0 reconnects.

*** KISMET IS SHUTTING DOWN ***
Shutting down plugins...
WARNING: Kismet changes the configuration of network devices.
         In most cases you will need to restart networking for
         your interface (varies per distribution and OS), but 
         typically one of:
         sudo service networking restart
         sudo /etc/init.d/networking restart
         or
         nmcli device set [device] managed true

Kismet exiting.
EXITING: Signal service thread complete.
[wardrive] Session closed: 20260428T171810Z_wardrive
